#
# A fatal error has been detected by the Java Runtime Environment:
#
#  SIGSEGV (0xb) at pc=0x0000000000000000, pid=1888, tid=24835
#
# JRE version: Java(TM) SE Runtime Environment (10.0.2+13) (build 10.0.2+13)
# Java VM: Java HotSpot(TM) 64-Bit Server VM (10.0.2+13, mixed mode, tiered, compressed oops, g1 gc, bsd-amd64)
# Problematic frame:
# C  0x0000000000000000
#
# No core dump will be written. Core dumps have been disabled. To enable core dumping, try "ulimit -c unlimited" before starting Java again
#
# If you would like to submit a bug report, please visit:
#   http://bugreport.java.com/bugreport/crash.jsp
#

---------------  S U M M A R Y ------------

Command Line: -agentlib:jdwp=transport=dt_socket,suspend=y,address=localhost:49502 -javaagent:/Users/pilot/eclipse/java-photon/Eclipse.app/Contents/Eclipse/configuration/org.eclipse.osgi/231/0/.cp/lib/javaagent-shaded.jar -Dfile.encoding=UTF-8 com.barosanu.App

Host: iMac18,1 x86_64 3592 MHz, 8 cores, 16G, Darwin 17.7.0
Time: Fri Sep 14 05:55:35 2018 PDT elapsed time: 15 seconds (0d 0h 0m 15s)

---------------  T H R E A D  ---------------

Current thread (0x00007fd4cc061800):  JavaThread "Signal Dispatcher" daemon [_thread_in_vm, id=24835, stack(0x0000700005ee4000,0x0000700005fe4000)]

Stack: [0x0000700005ee4000,0x0000700005fe4000],  sp=0x0000700005fe2288,  free space=1016k
Java frames: (J=compiled Java code, j=interpreted, Vv=VM code)
j  jdk.internal.misc.Signal.dispatch(I)V+25 java.base@10.0.2
v  ~StubRoutines::call_stub

siginfo: si_signo: 11 (SIGSEGV), si_code: 1 (SEGV_MAPERR), si_addr: 0x0000000000000000

Register to memory mapping:

RAX=0x00007fff92d9c070: __stack_chk_guard+0 in /usr/lib/system/libsystem_c.dylib at 0x00007fff5a2f9000
RBX=0x000000010ca30008: GCC_except_table26+0x11a8 in /Library/Java/JavaVirtualMachines/jdk-10.0.2.jdk/Contents/Home/lib/libjimage.dylib at 0x000000010ca2c000
RCX=0x0000000000000023 is an unknown value
RDX=0x0000700005fe33c0 is pointing into the stack for thread: 0x00007fd4cc061800
RSP=0x0000700005fe2288 is pointing into the stack for thread: 0x00007fd4cc061800
RBP=0x0000700005fe2300 is pointing into the stack for thread: 0x00007fd4cc061800
RSI=0x000000000000c8a3 is an unknown value
RDI=0x000000010ca30008: GCC_except_table26+0x11a8 in /Library/Java/JavaVirtualMachines/jdk-10.0.2.jdk/Contents/Home/lib/libjimage.dylib at 0x000000010ca2c000
R8 =0x0000700005fe33c0 is pointing into the stack for thread: 0x00007fd4cc061800
R9 =0x0000700005fe32d0 is pointing into the stack for thread: 0x00007fd4cc061800
R10=