#
# A fatal error has been detected by the Java Runtime Environment:
#
#  SIGSEGV (0xb) at pc=0x0000000104f6248a, pid=13019, tid=25603
#
# JRE version: Java(TM) SE Runtime Environment (10.0.2+13) (build 10.0.2+13)
# Java VM: Java HotSpot(TM) 64-Bit Server VM (10.0.2+13, mixed mode, tiered, compressed oops, g1 gc, bsd-amd64)
# Problematic frame:
# C  [libjimage.dylib+0x248a]  ImageFileReader::find_location_index(char const*, unsigned long long*) const+0x2c
#
# No core dump will be written. Core dumps have been disabled. To enable core dumping, try "ulimit -c unlimited" before starting Java again
#
# If you would like to submit a bug report, please visit:
#   http://bugreport.java.com/bugreport/crash.jsp
#

---------------  S U M M A R Y ------------

Command Line: -agentlib:jdwp=transport=dt_socket,suspend=y,address=localhost:52705 -javaagent:/Users/pilot/eclipse/java-photon/Eclipse.app/Contents/Eclipse/configuration/org.eclipse.osgi/231/0/.cp/lib/javaagent-shaded.jar -Dfile.encoding=UTF-8 com.jinyuan.App

Host: iMac18,1 x86_64 3592 MHz, 8 cores, 16G, Darwin 17.7.0
Time: Fri Sep 14 16:52:53 2018 PDT elapsed time: 252 seconds (0d 0h 4m 12s)

---------------  T H R E A D  ---------------

Current thread (0x00007fd4b8002800):  JavaThread "Signal Dispatcher" daemon [_thread_in_vm, id=25603, stack(0x0000700003474000,0x0000700003574000)]

Stack: [0x0000700003474000,0x0000700003574000],  sp=0x0000700003572290,  free space=1016k
Native frames: (J=compiled Java code, A=aot compiled Java code, j=interpreted, Vv=VM code, C=native code)
C  [libjimage.dylib+0x248a]  ImageFileReader::find_location_index(char const*, unsigned long long*) const+0x2c
C  [libjimage.dylib+0x2831]  JIMAGE_FindResource+0xd7
V  [libjvm.dylib+0x2162b9]  ClassPathImageEntry::open_stream(char const*, Thread*)+0x45
V  [libjvm.dylib+0x2187ca]  ClassLoader::load_class(Symbol*, bool, Thread*)+0x16a
