#
# A fatal error has been detected by the Java Runtime Environment:
#
#  SIGSEGV (0xb) at pc=0x000000010c32d48a, pid=13478, tid=40195
#
# JRE version: Java(TM) SE Runtime Environment (10.0.2+13) (build 10.0.2+13)
# Java VM: Java HotSpot(TM) 64-Bit Server VM (10.0.2+13, mixed mode, tiered, compressed oops, g1 gc, bsd-amd64)
# Problematic frame:
# C  [libjimage.dylib+0x248a]  ImageFileReader::find_location_index(char const*, unsigned long long*) const+0x2c
#
# No core dump will be written. Core dumps have been disabled. To enable core dumping, try "ulimit -c unlimited" before starting Java again
#
# If you would like to submit a bug report, please visit:
#   http://bugreport.java.com/bugreport/crash.jsp
#

---------------  S U M M A R Y ------------

Command Line: -agentlib:jdwp=transport=dt_socket,suspend=y,address=localhost:52783 -javaagent:/Users/pilot/eclipse/java-photon/Eclipse.app/Contents/Eclipse/configuration/org.eclipse.osgi/231/0/.cp/lib/javaagent-shaded.jar -Dfile.encoding=UTF-8 com.jinyuan.App

Host: iMac18,1 x86_64 3592 MHz, 8 cores, 16G, Darwin 17.7.0
Time: Fri Sep 14 17:25:51 2018 PDT elapsed time: 53 seconds (0d 0h 0m 53s)

---------------  T H R E A D  ---------------

Current thread (0x00007fcce4006000):  JavaThread "Signal Dispatcher" daemon [_thread_in_vm, id=40195, stack(0x00007000034ab000,0x00007000035ab000)]

Stack: [0x00007000034ab000,0x00007000035ab000],  sp=0x00007000035a9290,  free space=1016k
Native frames: (J=compiled Java code, A=aot compiled Java code, j=interpreted, Vv=VM code, C=native code)
C  [libjimage.dylib+0x248a]  ImageFileReader::find_location_index(char const*, unsigned long long*) const+0x2c
C  [libjimage.dylib+0x2831]  JIMAGE_FindResource+0xd7
V  [libjvm.dylib+0x2162b9]  ClassPathImageEntry::open_stream(char const*, Thread*)+0x45
V