#
# A fatal error has been detected by the Java Runtime Environment:
#
#  SIGSEGV (0xb) at pc=0x000000010346b48a, pid=13074, tid=25603
#
# JRE version: Java(TM) SE Runtime Environment (10.0.2+13) (build 10.0.2+13)
# Java VM: Java HotSpot(TM) 64-Bit Server VM (10.0.2+13, mixed mode, tiered, compressed oops, g1 gc, bsd-amd64)
# Problematic frame:
# C  [libjimage.dylib+0x248a]  _ZNK15ImageFileReader19find_location_indexEPKcPy+0x2c
#
# No core dump will be written. Core dumps have been disabled. To enable core dumping, try "ulimit -c unlimited" before starting Java again
#
# If you would like to submit a bug report, please visit:
#   http://bugreport.java.com/bugreport/crash.jsp
#

---------------  S U M M A R Y ------------

Command Line: -agentlib:jdwp=transport=dt_socket,suspend=y,address=localhost:52718 -javaagent:/Users/pilot/eclipse/java-photon/Eclipse.app/Contents/Eclipse/configuration/org.eclipse.osgi/231/0/.cp/lib/javaagent-shaded.jar -Dfile.encoding=UTF-8 com.jinyuan.App

Host: iMac18,1 x86_64 3592 MHz, 8 cores, 16G, Darwin 17.7.0
Time: Fri Sep 14 16:52:51 2018 PDT elapsed time: 1 seconds (0d 0h 0m 1s)

---------------  T H R E A D  ---------------

Current thread (0x00007fb42d856800):  JavaThread "Signal Dispatcher" daemon [_thread_in_vm, id=25603, stack(0x000070000812b000,0x000070000822b000)]

Stack: [0x000070000812b000,0x000070000822b000],  sp=0x0000700008229290,  free space=1016k
Native frames: (J=compiled Java code, A=aot compiled Java code, j=interpreted, Vv=VM code, C=native code)
C  [libjimage.dylib+0x248a]  _ZNK15ImageFileReader19find_location_indexEPKcPy+0x2c
C  [libjimage.dylib+0x2831]  JIMAGE_FindResource+0xd7
V