#
# A fatal error has been detected by the Java Runtime Environment:
#
#  SIGSEGV (0xb) at pc=0x0000000000000000, pid=13217, tid=40707
#
# JRE version: Java(TM) SE Runtime Environment (10.0.2+13) (build 10.0.2+13)
# Java VM: Java HotSpot(TM) 64-Bit Server VM (10.0.2+13, mixed mode, tiered, compressed oops, g1 gc, bsd-amd64)
# Problematic frame:
# C  0x0000000000000000
#
# No core dump will be written. Core dumps have been disabled. To enable core dumping, try "ulimit -c unlimited" before starting Java again
#
# If you would like to submit a bug report, please visit:
#   http://bugreport.java.com/bugreport/crash.jsp
#

---------------  S U M M A R Y ------------

Command Line: -agentlib:jdwp=transport=dt_socket,suspend=y,address=localhost:52743 -javaagent:/Users/pilot/eclipse/java-photon/Eclipse.app/Contents/Eclipse/configuration/org.eclipse.osgi/231/0/.cp/lib/javaagent-shaded.jar -Dfile.encoding=UTF-8 com.jinyuan.App

Host: iMac18,1 x86_64 3592 MHz, 8 cores, 16G, Darwin 17.7.0
Time: Fri Sep 14 17:05:05 2018 PDT elapsed time: 39 seconds (0d 0h 0m 39s)

---------------  T H R E A D  ---------------

Current thread (0x00007fbd7904f000):  JavaThread "Signal Dispatcher" daemon [_thread_in_vm, id=40707, stack(0x0000700006c25000,0x0000700006d25000)]

Stack: [0x0000700006c25000,0x0000700006d25000],  sp=0x0000700006d23288,  free space=1016k
Java frames: (J=compiled Java code, j=interpreted, Vv=VM code)
j  jdk.internal.misc.Signal.dispatch(I)V+25 java.base@10.0.2
v  ~StubRoutines::call_stub

siginfo: si_signo: 11 (SIGSEGV), si_code: 1 (SEGV_MAPERR), si_addr: 0x0000000000000000

Register to memory mapping:

RAX=0x00007fff92d9c070: __stack_chk_guard+0 in /usr/lib/system/libsystem_c.dylib at 0x00007fff5a2f9000
RBX=0x000000010e640008: GCC_except_table26+0x11a8 in /Library/Java/JavaVirtualMachines/jdk-10.0.2.jdk/Contents/Home/lib/libjimage.dylib at 0x000000010e63c000
RCX=0x0000000000000023 is an unknown value
RDX=0x0000700006d243c0 is pointing into the stack for thread: 0x00007fbd7904f000
RSP=0x0000700006d23288 is pointing into the stack for thread: 0x00007fbd7904f000
RBP=0x0000700006d23300 is pointing into the stack for thread: 0x00007fbd7904f000
RSI=0x000000000000c8a3 is an unknown value
RDI=0x000000010e640008: GCC_except_table26+0x11a8 in /Library/Java/JavaVirtualMachines/jdk-10.0.2.jdk/Contents/Home/lib/libjimage.dylib at 0x000000010e63c000
R8 =0x0000700006d243c0 is pointing into the stack for thread: 0x00007fbd7904f000
R9 =0x0000700006d242d0 is pointing into the stack for thread: 0x00007fbd7904f000
R10=0x000000010e15d250: AssumeMP+0 in /Library/Java/JavaVirtualMachines/jdk-10.0.2.jdk/Contents/Home/lib/server/libjvm.dylib at 0x000000010d800000
R11=0xfffff0428ecfd1f2 is an unknown value
R12=0x00000001158a001c is an unknown value
R13=0x00007fbd7800cde0 is an unknown value
R14=0x0000700006d243c0 is pointing into the stack for thread: 0x00007fbd7904f000
R15=0x0000700006d23330 is pointing into the stack for thread: 0x00007fbd7904f000


Registers:
RAX=0x00007fff92d9c070, RBX=0x000000010e640008, RCX=0x0000000000000023, RDX=0x0000700006d243c0
RSP=0x0000700006d23288, RBP=0x0000700006d23300, RSI=0x000000000000c8a3, RDI=0x000000010e640008
R8 =0x0000700006d243c0, R9 =0x0000700006d242d0, R10=0x000000010e15d250, R11=0xfffff0428ecfd1f2
R12=0x00000001158a001c, R13=0x00007fbd7800cde0, R14=0x0000700006d243c0, R15=0x0000700006d23330
RIP=0x0000000000000000, EFLAGS=0x0000000000010206, ERR=0x0000000000000014
  TRAPNO=0x000000000000000e

Top of Stack: (sp=0x0000700006d23288)
0x0000700006d23288:   000000010e63e48d 0000000000000000
0x0000700006d23298:   0000000000000000 0000000000000000
0x0000700006d232a8:   0000000000000000 0000000000000000
0x0000700006d232b8:   0000000000000000 0000000000000000
0x0000700006d232c8:   0000000000000000 0000000000000000
0x0000700006d232d8:   0000000000000000 00007fbd78026140
0x0000700006d232e8:   0000700006d23330 0000000000000020
0x0000700006d232f8:   8a766e7627be005b 0000700006d24360
0x0000700006d23308:   000000010e63e831 0000000000000000
0x0000700006d23318:   0000000000000022 00007fbd7800cde0
0x0000700006d23328:   0000700006d243c0 6e692f6b646a2f2f
0x0000700006d23338:   6d2f6c616e726574 6e6769532f637369
0x0000700006d23348:   616c632e31246c61 0000000000007373
0x0000700006d23358:   0000000000000000 0000000000000000
0x0000700006d23368:   0000000000000000 0000000000000000
0x0000700006d23378:   0000000000000000 0000000000000000
0x0000700006d23388:   0000000000000000 0000000000000000
0x0000700006d23398:   0000000000000000 0000000000000000
0x0000700006d233a8:   0000000000000000 0000000000000000
0x0000700006d233b8:   0000000000000000 0000000000000000
0x0000700006d233c8:   0000000000000000 0000000000000000
0x0000700006d233d8:   0000000000000000 0000000000000000
0x0000700006d233e8:   0000000000000000 0000000000000000
0x0000700006d233f8:   0000000000000000 0000000000000000
0x0000700006d23408:   