#
# A fatal error has been detected by the Java Runtime Environment:
#
#  SIGSEGV (0xb) at pc=0x0000000000000000, pid=1959, tid=41219
#
# JRE version: Java(TM) SE Runtime Environment (10.0.2+13) (build 10.0.2+13)
# Java VM: Java HotSpot(TM) 64-Bit Server VM (10.0.2+13, mixed mode, tiered, compressed oops, g1 gc, bsd-amd64)
# Problematic frame:
# C  0x0000000000000000
#
# No core dump will be written. Core dumps have been disabled. To enable core dumping, try "ulimit -c unlimited" before starting Java again
#
# If you would like to submit a bug report, please visit:
#   http://bugreport.java.com/bugreport/crash.jsp
#

---------------  S U M M A R Y ------------

Command Line: -agentlib:jdwp=transport=dt_socket,suspend=y,address=localhost:49523 -javaagent:/Users/pilot/eclipse/java-photon/Eclipse.app/Contents/Eclipse/configuration/org.eclipse.osgi/231/0/.cp/lib/javaagent-shaded.jar -Dfile.encoding=UTF-8 com.barosanu.App

Host: iMac18,1 x86_64 3592 MHz, 8 cores, 16G, Darwin 17.7.0
Time: Fri Sep 14 06:00:34 2018 PDT elapsed time: 4 seconds (0d 0h 0m 4s)

---------------  T H R E A D  ---------------

Current thread (0x00007fed4683b800):  JavaThread "Signal Dispatcher" daemon [_thread_in_vm, id=41219, stack(0x000070000f85a000,0x000070000f95a000)]

Stack: [0x000070000f85a000,0x000070000f95a000],  sp=0x000070000f958288,  free space=1016k
Java frames: (J=compiled Java code, j=interpreted, Vv=VM code)
j  jdk.internal.misc.Signal.dispatch(I)V+25 java.base@10.0.2
v  ~StubRoutines::call_stub

siginfo: si_signo: 11 (SIGSEGV), si_code: 1 (SEGV_MAPERR), si_addr: 0x0000000000000000

Register to memory mapping:

RAX=0x00007fff92d9c070: __stack_chk_guard+0 in /usr/lib/system/libsystem_c.dylib at 0x00007fff5a2f9000
RBX=0x0000000111040008: GCC_except_table26+0x11a8 in /Library/Java/JavaVirtualMachines/jdk-10.0.2.jdk/Contents/Home/lib/libjimage.dylib at 0x000000011103c000
RCX=0x0000000000000023 is an unknown value
RDX=0x000070000f9593c0 is pointing into the stack for thread: 0x00007fed4683b800
RSP=0x000070000f958288 is pointing into the stack for thread: 0x00007fed4683b800
RBP=0x000070000f958300 is pointing into the stack for thread: 0x00007fed4683b800
RSI=0x000000000000c8a3 is an unknown value
RDI=0x0000000111040008: GCC_except_table26+0x11a8 in /Library/Java/JavaVirtualMachines/jdk-10.0.2.jdk/Contents/Home/lib/libjimage.dylib at 0x000000011103c000
R8 =0x000070000f9593c0 is pointing into the stack for thread: 0x00007fed4683b800
R9 =0x000070000f9592d0 is pointing into the stack for thread: 0x00007fed4683b800
R10=0x0000000110b5d250: AssumeMP+0 in /Library/Java/JavaVirtualMachines/jdk-10.0.2.jdk/Contents/Home/lib/server/libjvm.dylib at 0x0000000110200000
R11=0xfffff012ca73c342 is an unknown value
R12=0x000000011afd301c is an unknown value
R13=0x00007fed43601060 is an unknown value
R14=0x000070000f9593c0 is pointing into the stack for thread: 0x00007fed4683b800
R15=0x000070000f958330 is pointing into the stack for thread: 0x00007fed4683b800


Registers:
RAX=0x00007fff92d9c070, RBX=0x0000000111040008, RCX=0x0000000000000023, RDX=0x000070000f9593c0
RSP=0x000070000f958288, RBP=0x000070000f958300, RSI=0x000000000000c8a3, RDI=0x0000000111040008
R8 =0x000070000f9593c0, R9 =0x000070000f9592d0, R10=0x0000000110b5d250, R11=0xfffff012ca73c342
R12=0x000000011afd301c, R13=0x00007fed43601060, R14=0x000070000f9593c0, R15=0x000070000f958330
RIP=0x0000000000000000, EFLAGS=0x0000000000010206, ERR=0x0000000000000014
  TRAPNO=0x000000000000000e

Top of Stack: (sp=0x000070000f958288)
0x000070000f958288:   000000011103e48d 0000000000000000
0x000070000f958298:   0000000000000000 0000000000000000
0x000070000f9582a8:   0000000000000000 0000000000000000
0x000070000f9582b8:   0000000000000000 0000000000000000
0x000070000f9582c8:   0000000000000000 0000000000000000
0x000070000f9582d8:   0000000000000000 00007fed4521bff0
0x000070000f9582e8:   000070000f958330 0000000000000020
0x000070000f9582f8:   8c50705f8a2200af 000070000f959360
0x000070000f958308:   000000011103e831 0000000000000000
0x000070000f958318:   0000000000000022 00007fed43601060
0x000070000f958328:   000070000f9593c0 6e692f6b646a2f2f
0x000070000f958338:   6d2f6c616e726574 6e6769532f637369
0x000070000f958348:   616c632e31246c61 0000000000007373
0x000070000f958358:   0000000000000000 0000000000000000
0x000070000f958368:   0000000000000000 0000000000000000
0x000070000f958378:   0000000000000000 0000000000000000
0x000070000f958388:   0000000000000000 0000000000000000
0x000070000f958398:   0000000000000000 0000000000000000
0x000070000f9583a8:   0000000000000000 0000000000000000
0x000070000f9583b8:   0000000000000000 0000000000000000
0x000070000f9583c8:   0000000000000000 0000000000000000
0x000070000f9583d8:   0000000000000000 0000000000000000
0x000070000f9583e8:   0000000000000000 0000000000000000
0x000070000f9583f8:   0000000000000000 0000000000000000
0x000070000f958408:   0000000000000000 0000000000000000
0x000070000f958418:   0000000000000000 0000000000000000
0x000070000f958428:   0000000000000000 0000000000000000
0x000070000f958438:   0000000000000000 0000000000000000
0x000070000f958448:   0000000000000000 0000000000000000
0x000070000f958458:   0000000000000000 0000000000000000
0x000070000f958468:   0000000000000000 0000000000000000
0x000070000f958478:   0000000000000000 0000000000000000 

Instructions: (pc=0x0000000000000000)
0xffffffffffffffe0:   


---------------  P R O C E S S  ---------------

Threads class SMR info:
_java_thread_list=0x00007fed43601310, length=18, elements={
0x00007fed44806800, 0x00007fed44845800, 0x00007fed47800000, 